  Ball.cpp
c:\users\hp\desktop\lastest\ball\cg_project_mine\ball.cpp(11): warning C4838: 从“double”转换到“GLfloat”需要收缩转换
c:\users\hp\desktop\lastest\ball\cg_project_mine\ball.cpp(11): warning C4305: “初始化”: 从“double”到“GLfloat”截断
c:\users\hp\desktop\lastest\ball\cg_project_mine\ball.cpp(12): warning C4838: 从“double”转换到“GLfloat”需要收缩转换
c:\users\hp\desktop\lastest\ball\cg_project_mine\ball.cpp(12): warning C4305: “初始化”: 从“double”到“GLfloat”截断
c:\users\hp\desktop\lastest\ball\cg_project_mine\ball.cpp(13): warning C4838: 从“double”转换到“GLfloat”需要收缩转换
c:\users\hp\desktop\lastest\ball\cg_project_mine\ball.cpp(13): warning C4305: “初始化”: 从“double”到“GLfloat”截断
c:\users\hp\desktop\lastest\ball\cg_project_mine\ball.cpp(14): warning C4838: 从“double”转换到“GLfloat”需要收缩转换
c:\users\hp\desktop\lastest\ball\cg_project_mine\ball.cpp(14): warning C4305: “初始化”: 从“double”到“GLfloat”截断
c:\users\hp\desktop\lastest\ball\cg_project_mine\ball.cpp(68): warning C4305: “=”: 从“double”到“GLfloat”截断
c:\users\hp\desktop\lastest\ball\cg_project_mine\ball.cpp(70): warning C4305: “=”: 从“double”到“GLfloat”截断
c:\users\hp\desktop\lastest\ball\cg_project_mine\ball.cpp(80): warning C4305: “=”: 从“double”到“GLfloat”截断
c:\users\hp\desktop\lastest\ball\cg_project_mine\ball.cpp(238): warning C4305: “=”: 从“double”到“GLfloat”截断
c:\users\hp\desktop\lastest\ball\cg_project_mine\ball.cpp(278): warning C4305: “=”: 从“double”到“GLfloat”截断
c:\users\hp\desktop\lastest\ball\cg_project_mine\ball.cpp(316): warning C4305: “=”: 从“double”到“GLfloat”截断
c:\users\hp\desktop\lastest\ball\cg_project_mine\ball.cpp(353): warning C4305: “=”: 从“double”到“GLfloat”截断
  function.cpp
  glassRectangle.cpp
c:\users\hp\desktop\lastest\ball\cg_project_mine\glassrectangle.cpp(69): warning C4244: “=”: 从“double”转换到“GLfloat”，可能丢失数据
c:\users\hp\desktop\lastest\ball\cg_project_mine\glassrectangle.cpp(70): warning C4244: “=”: 从“double”转换到“GLfloat”，可能丢失数据
c:\users\hp\desktop\lastest\ball\cg_project_mine\glassrectangle.cpp(71): warning C4244: “=”: 从“double”转换到“GLfloat”，可能丢失数据
c:\users\hp\desktop\lastest\ball\cg_project_mine\glassrectangle.cpp(76): warning C4244: “=”: 从“double”转换到“GLfloat”，可能丢失数据
c:\users\hp\desktop\lastest\ball\cg_project_mine\glassrectangle.cpp(77): warning C4244: “=”: 从“double”转换到“GLfloat”，可能丢失数据
c:\users\hp\desktop\lastest\ball\cg_project_mine\glassrectangle.cpp(79): warning C4838: 从“double”转换到“GLfloat”需要收缩转换
c:\users\hp\desktop\lastest\ball\cg_project_mine\glassrectangle.cpp(79): warning C4305: “初始化”: 从“double”到“GLfloat”截断
c:\users\hp\desktop\lastest\ball\cg_project_mine\glassrectangle.cpp(80): warning C4838: 从“double”转换到“GLfloat”需要收缩转换
c:\users\hp\desktop\lastest\ball\cg_project_mine\glassrectangle.cpp(80): warning C4244: “初始化”: 从“double”转换到“GLfloat”，可能丢失数据
c:\users\hp\desktop\lastest\ball\cg_project_mine\glassrectangle.cpp(100): warning C4244: “参数”: 从“double”转换到“GLfloat”，可能丢失数据
c:\users\hp\desktop\lastest\ball\cg_project_mine\glassrectangle.cpp(101): warning C4244: “参数”: 从“double”转换到“GLfloat”，可能丢失数据
c:\users\hp\desktop\lastest\ball\cg_project_mine\glassrectangle.cpp(102): warning C4244: “参数”: 从“double”转换到“GLfloat”，可能丢失数据
c:\users\hp\desktop\lastest\ball\cg_project_mine\glassrectangle.cpp(103): warning C4244: “参数”: 从“double”转换到“GLfloat”，可能丢失数据
c:\users\hp\desktop\lastest\ball\cg_project_mine\glassrectangle.cpp(108): warning C4244: “参数”: 从“double”转换到“GLfloat”，可能丢失数据
c:\users\hp\desktop\lastest\ball\cg_project_mine\glassrectangle.cpp(109): warning C4244: “参数”: 从“double”转换到“GLfloat”，可能丢失数据
c:\users\hp\desktop\lastest\ball\cg_project_mine\glassrectangle.cpp(110): warning C4244: “参数”: 从“double”转换到“GLfloat”，可能丢失数据
c:\users\hp\desktop\lastest\ball\cg_project_mine\glassrectangle.cpp(111): warning C4244: “参数”: 从“double”转换到“GLfloat”，可能丢失数据
c:\users\hp\desktop\lastest\ball\cg_project_mine\glassrectangle.cpp(116): warning C4244: “参数”: 从“double”转换到“GLfloat”，可能丢失数据
c:\users\hp\desktop\lastest\ball\cg_project_mine\glassrectangle.cpp(117): warning C4244: “参数”: 从“double”转换到“GLfloat”，可能丢失数据
c:\users\hp\desktop\lastest\ball\cg_project_mine\glassrectangle.cpp(118): warning C4244: “参数”: 从“double”转换到“GLfloat”，可能丢失数据
c:\users\hp\desktop\lastest\ball\cg_project_mine\glassrectangle.cpp(119): warning C4244: “参数”: 从“double”转换到“GLfloat”，可能丢失数据
c:\users\hp\desktop\lastest\ball\cg_project_mine\glassrectangle.cpp(124): warning C4244: “参数”: 从“double”转换到“GLfloat”，可能丢失数据
c:\users\hp\desktop\lastest\ball\cg_project_mine\glassrectangle.cpp(125): warning C4244: “参数”: 从“double”转换到“GLfloat”，可能丢失数据
c:\users\hp\desktop\lastest\ball\cg_project_mine\glassrectangle.cpp(126): warning C4244: “参数”: 从“double”转换到“GLfloat”，可能丢失数据
c:\users\hp\desktop\lastest\ball\cg_project_mine\glassrectangle.cpp(127): warning C4244: “参数”: 从“double”转换到“GLfloat”，可能丢失数据
c:\users\hp\desktop\lastest\ball\cg_project_mine\glassrectangle.cpp(132): warning C4244: “参数”: 从“double”转换到“GLfloat”，可能丢失数据
c:\users\hp\desktop\lastest\ball\cg_project_mine\glassrectangle.cpp(133): warning C4244: “参数”: 从“double”转换到“GLfloat”，可能丢失数据
c:\users\hp\desktop\lastest\ball\cg_project_mine\glassrectangle.cpp(134): warning C4244: “参数”: 从“double”转换到“GLfloat”，可能丢失数据
c:\users\hp\desktop\lastest\ball\cg_project_mine\glassrectangle.cpp(135): warning C4244: “参数”: 从“double”转换到“GLfloat”，可能丢失数据
c:\users\hp\desktop\lastest\ball\cg_project_mine\glassrectangle.cpp(140): warning C4244: “参数”: 从“double”转换到“GLfloat”，可能丢失数据
c:\users\hp\desktop\lastest\ball\cg_project_mine\glassrectangle.cpp(141): warning C4244: “参数”: 从“double”转换到“GLfloat”，可能丢失数据
c:\users\hp\desktop\lastest\ball\cg_project_mine\glassrectangle.cpp(142): warning C4244: “参数”: 从“double”转换到“GLfloat”，可能丢失数据
c:\users\hp\desktop\lastest\ball\cg_project_mine\glassrectangle.cpp(143): warning C4244: “参数”: 从“double”转换到“GLfloat”，可能丢失数据
c:\users\hp\desktop\lastest\ball\cg_project_mine\glassrectangle.cpp(165): warning C4838: 从“double”转换到“GLfloat”需要收缩转换
c:\users\hp\desktop\lastest\ball\cg_project_mine\glassrectangle.cpp(165): warning C4305: “初始化”: 从“double”到“GLfloat”截断
c:\users\hp\desktop\lastest\ball\cg_project_mine\glassrectangle.cpp(174): warning C4244: “参数”: 从“double”转换到“GLfloat”，可能丢失数据
c:\users\hp\desktop\lastest\ball\cg_project_mine\glassrectangle.cpp(178): warning C4244: “参数”: 从“double”转换到“GLfloat”，可能丢失数据
c:\users\hp\desktop\lastest\ball\cg_project_mine\glassrectangle.cpp(179): warning C4244: “参数”: 从“double”转换到“GLfloat”，可能丢失数据
c:\users\hp\desktop\lastest\ball\cg_project_mine\glassrectangle.cpp(182): warning C4244: “参数”: 从“double”转换到“GLfloat”，可能丢失数据
c:\users\hp\desktop\lastest\ball\cg_project_mine\glassrectangle.cpp(183): warning C4244: “参数”: 从“double”转换到“GLfloat”，可能丢失数据
c:\users\hp\desktop\lastest\ball\cg_project_mine\glassrectangle.cpp(184): warning C4244: “参数”: 从“double”转换到“GLfloat”，可能丢失数据
c:\users\hp\desktop\lastest\ball\cg_project_mine\glassrectangle.cpp(185): warning C4244: “参数”: 从“double”转换到“GLfloat”，可能丢失数据
c:\users\hp\desktop\lastest\ball\cg_project_mine\glassrectangle.cpp(191): warning C4244: “参数”: 从“double”转换到“GLfloat”，可能丢失数据
c:\users\hp\desktop\lastest\ball\cg_project_mine\glassrectangle.cpp(192): warning C4244: “参数”: 从“double”转换到“GLfloat”，可能丢失数据
c:\users\hp\desktop\lastest\ball\cg_project_mine\glassrectangle.cpp(195): warning C4244: “参数”: 从“double”转换到“GLfloat”，可能丢失数据
c:\users\hp\desktop\lastest\ball\cg_project_mine\glassrectangle.cpp(196): warning C4244: “参数”: 从“double”转换到“GLfloat”，可能丢失数据
c:\users\hp\desktop\lastest\ball\cg_project_mine\glassrectangle.cpp(197): warning C4244: “参数”: 从“double”转换到“GLfloat”，可能丢失数据
c:\users\hp\desktop\lastest\ball\cg_project_mine\glassrectangle.cpp(203): warning C4244: “参数”: 从“double”转换到“GLfloat”，可能丢失数据
c:\users\hp\desktop\lastest\ball\cg_project_mine\glassrectangle.cpp(204): warning C4244: “参数”: 从“double”转换到“GLfloat”，可能丢失数据
c:\users\hp\desktop\lastest\ball\cg_project_mine\glassrectangle.cpp(207): warning C4244: “参数”: 从“double”转换到“GLfloat”，可能丢失数据
c:\users\hp\desktop\lastest\ball\cg_project_mine\glassrectangle.cpp(208): warning C4244: “参数”: 从“double”转换到“GLfloat”，可能丢失数据
c:\users\hp\desktop\lastest\ball\cg_project_mine\glassrectangle.cpp(209): warning C4244: “参数”: 从“double”转换到“GLfloat”，可能丢失数据
c:\users\hp\desktop\lastest\ball\cg_project_mine\glassrectangle.cpp(210): warning C4244: “参数”: 从“double”转换到“GLfloat”，可能丢失数据
c:\users\hp\desktop\lastest\ball\cg_project_mine\glassrectangle.cpp(216): warning C4244: “参数”: 从“double”转换到“GLfloat”，可能丢失数据
c:\users\hp\desktop\lastest\ball\cg_project_mine\glassrectangle.cpp(217): warning C4244: “参数”: 从“double”转换到“GLfloat”，可能丢失数据
c:\users\hp\desktop\lastest\ball\cg_project_mine\glassrectangle.cpp(220): warning C4244: “参数”: 从“double”转换到“GLfloat”，可能丢失数据
c:\users\hp\desktop\lastest\ball\cg_project_mine\glassrectangle.cpp(221): warning C4244: “参数”: 从“double”转换到“GLfloat”，可能丢失数据
c:\users\hp\desktop\lastest\ball\cg_project_mine\glassrectangle.cpp(222): warning C4244: “参数”: 从“double”转换到“GLfloat”，可能丢失数据
c:\users\hp\desktop\lastest\ball\cg_project_mine\glassrectangle.cpp(228): warning C4244: “参数”: 从“double”转换到“GLfloat”，可能丢失数据
c:\users\hp\desktop\lastest\ball\cg_project_mine\glassrectangle.cpp(229): warning C4244: “参数”: 从“double”转换到“GLfloat”，可能丢失数据
c:\users\hp\desktop\lastest\ball\cg_project_mine\glassrectangle.cpp(232): warning C4244: “参数”: 从“double”转换到“GLfloat”，可能丢失数据
c:\users\hp\desktop\lastest\ball\cg_project_mine\glassrectangle.cpp(233): warning C4244: “参数”: 从“double”转换到“GLfloat”，可能丢失数据
c:\users\hp\desktop\lastest\ball\cg_project_mine\glassrectangle.cpp(234): warning C4244: “参数”: 从“double”转换到“GLfloat”，可能丢失数据
c:\users\hp\desktop\lastest\ball\cg_project_mine\glassrectangle.cpp(235): warning C4244: “参数”: 从“double”转换到“GLfloat”，可能丢失数据
c:\users\hp\desktop\lastest\ball\cg_project_mine\glassrectangle.cpp(241): warning C4244: “参数”: 从“double”转换到“GLfloat”，可能丢失数据
c:\users\hp\desktop\lastest\ball\cg_project_mine\glassrectangle.cpp(242): warning C4244: “参数”: 从“double”转换到“GLfloat”，可能丢失数据
c:\users\hp\desktop\lastest\ball\cg_project_mine\glassrectangle.cpp(245): warning C4244: “参数”: 从“double”转换到“GLfloat”，可能丢失数据
c:\users\hp\desktop\lastest\ball\cg_project_mine\glassrectangle.cpp(246): warning C4244: “参数”: 从“double”转换到“GLfloat”，可能丢失数据
c:\users\hp\desktop\lastest\ball\cg_project_mine\glassrectangle.cpp(247): warning C4244: “参数”: 从“double”转换到“GLfloat”，可能丢失数据
c:\users\hp\desktop\lastest\ball\cg_project_mine\glassrectangle.cpp(253): warning C4244: “参数”: 从“double”转换到“GLfloat”，可能丢失数据
c:\users\hp\desktop\lastest\ball\cg_project_mine\glassrectangle.cpp(254): warning C4244: “参数”: 从“double”转换到“GLfloat”，可能丢失数据
c:\users\hp\desktop\lastest\ball\cg_project_mine\glassrectangle.cpp(257): warning C4244: “参数”: 从“double”转换到“GLfloat”，可能丢失数据
c:\users\hp\desktop\lastest\ball\cg_project_mine\glassrectangle.cpp(258): warning C4244: “参数”: 从“double”转换到“GLfloat”，可能丢失数据
c:\users\hp\desktop\lastest\ball\cg_project_mine\glassrectangle.cpp(259): warning C4244: “参数”: 从“double”转换到“GLfloat”，可能丢失数据
c:\users\hp\desktop\lastest\ball\cg_project_mine\glassrectangle.cpp(260): warning C4244: “参数”: 从“double”转换到“GLfloat”，可能丢失数据
c:\users\hp\desktop\lastest\ball\cg_project_mine\glassrectangle.cpp(266): warning C4244: “参数”: 从“double”转换到“GLfloat”，可能丢失数据
c:\users\hp\desktop\lastest\ball\cg_project_mine\glassrectangle.cpp(267): warning C4244: “参数”: 从“double”转换到“GLfloat”，可能丢失数据
c:\users\hp\desktop\lastest\ball\cg_project_mine\glassrectangle.cpp(270): warning C4244: “参数”: 从“double”转换到“GLfloat”，可能丢失数据
c:\users\hp\desktop\lastest\ball\cg_project_mine\glassrectangle.cpp(271): warning C4244: “参数”: 从“double”转换到“GLfloat”，可能丢失数据
c:\users\hp\desktop\lastest\ball\cg_project_mine\glassrectangle.cpp(272): warning C4244: “参数”: 从“double”转换到“GLfloat”，可能丢失数据
c:\users\hp\desktop\lastest\ball\cg_project_mine\glassrectangle.cpp(276): warning C4244: “参数”: 从“double”转换到“GLfloat”，可能丢失数据
c:\users\hp\desktop\lastest\ball\cg_project_mine\glassrectangle.cpp(302): warning C4244: “参数”: 从“double”转换到“GLfloat”，可能丢失数据
  main.cpp
c:\users\hp\desktop\lastest\ball\cg_project_mine\objmodel.h(11): warning C4305: “初始化”: 从“double”到“float”截断
c:\users\hp\desktop\lastest\ball\cg_project_mine\main.cpp(83): warning C4838: 从“double”转换到“GLfloat”需要收缩转换
c:\users\hp\desktop\lastest\ball\cg_project_mine\main.cpp(83): warning C4305: “初始化”: 从“double”到“GLfloat”截断
c:\users\hp\desktop\lastest\ball\cg_project_mine\main.cpp(84): warning C4838: 从“double”转换到“GLfloat”需要收缩转换
c:\users\hp\desktop\lastest\ball\cg_project_mine\main.cpp(84): warning C4305: “初始化”: 从“double”到“GLfloat”截断
c:\users\hp\desktop\lastest\ball\cg_project_mine\main.cpp(95): warning C4838: 从“double”转换到“GLfloat”需要收缩转换
c:\users\hp\desktop\lastest\ball\cg_project_mine\main.cpp(95): warning C4305: “初始化”: 从“double”到“GLfloat”截断
c:\users\hp\desktop\lastest\ball\cg_project_mine\main.cpp(197): warning C4018: “<”: 有符号/无符号不匹配
c:\users\hp\desktop\lastest\ball\cg_project_mine\main.cpp(396): warning C4244: “=”: 从“double”转换到“GLfloat”，可能丢失数据
c:\users\hp\desktop\lastest\ball\cg_project_mine\main.cpp(450): warning C4305: “参数”: 从“double”到“GLfloat”截断
c:\users\hp\desktop\lastest\ball\cg_project_mine\main.cpp(465): warning C4305: “参数”: 从“double”到“GLfloat”截断
  Obj.cpp
c:\users\hp\desktop\lastest\ball\cg_project_mine\obj.cpp(53): warning C4244: “初始化”: 从“double”转换到“GLfloat”，可能丢失数据
c:\users\hp\desktop\lastest\ball\cg_project_mine\obj.cpp(63): warning C4244: “初始化”: 从“double”转换到“GLfloat”，可能丢失数据
c:\users\hp\desktop\lastest\ball\cg_project_mine\obj.cpp(73): warning C4244: “初始化”: 从“double”转换到“GLfloat”，可能丢失数据
c:\users\hp\desktop\lastest\ball\cg_project_mine\obj.cpp(160): warning C4305: “参数”: 从“double”到“GLfloat”截断
c:\users\hp\desktop\lastest\ball\cg_project_mine\obj.cpp(205): warning C4244: “=”: 从“double”转换到“GLfloat”，可能丢失数据
c:\users\hp\desktop\lastest\ball\cg_project_mine\obj.cpp(206): warning C4244: “=”: 从“double”转换到“GLfloat”，可能丢失数据
c:\users\hp\desktop\lastest\ball\cg_project_mine\obj.cpp(207): warning C4244: “=”: 从“double”转换到“GLfloat”，可能丢失数据
  objModel.cpp
c:\users\hp\desktop\lastest\ball\cg_project_mine\objmodel.h(11): warning C4305: “初始化”: 从“double”到“float”截断
c:\users\hp\desktop\lastest\ball\cg_project_mine\objmodel.cpp(97): warning C4305: “参数”: 从“int”到“char”截断
c:\users\hp\desktop\lastest\ball\cg_project_mine\objmodel.cpp(97): warning C4309: “参数”: 截断常量值
  point.cpp
c:\users\hp\desktop\lastest\ball\cg_project_mine\point.cpp(37): warning C4244: “参数”: 从“double”转换到“GLfloat”，可能丢失数据
c:\users\hp\desktop\lastest\ball\cg_project_mine\point.cpp(36): warning C4244: “参数”: 从“double”转换到“GLfloat”，可能丢失数据
c:\users\hp\desktop\lastest\ball\cg_project_mine\point.cpp(35): warning C4244: “参数”: 从“double”转换到“GLfloat”，可能丢失数据
c:\users\hp\desktop\lastest\ball\cg_project_mine\point.cpp(43): warning C4244: “初始化”: 从“double”转换到“GLfloat”，可能丢失数据
  正在生成代码
  All 609 functions were compiled because no usable IPDB/IOBJ from previous compilation was found.
  已完成代码的生成
  CG_Project_mine.vcxproj -> C:\Users\HP\Desktop\lastest\Ball\x64\Release\CG_Project_mine.exe
